<?xml version="1.0" encoding="UTF-8"?>
<testsuite xmlns:xsi="http://www.w3.org/2001/XMLSchema-instance" xsi:schemaLocation="https://maven.apache.org/surefire/maven-surefire-plugin/xsd/surefire-test-report.xsd" name="TestSuite" time="23.048" tests="2" errors="0" skipped="0" failures="0">
  <properties>
[...]
</properties>
  <testcase name="fbTest" classname="com.rameshsoft.automation.gmail.scripts.FaceBookTest" time="3.035"/>
  <testcase name="fbTest1" classname="com.rameshsoft.automation.gmail.scripts.FaceBookTest" time="1.2"/>
</testsuite>