<?xml version="1.0" encoding="UTF-8"?>
<testng-results skipped="0" failed="0" ignored="0" total="2" passed="2">
  <reporter-output>
  </reporter-output>
  <suite name="Suite" duration-ms="4271" started-at="2020-07-05T11:17:19 IST" finished-at="2020-07-05T11:17:23 IST">
    <groups>
    </groups>
    <test name="Test" duration-ms="4271" started-at="2020-07-05T11:17:19 IST" finished-at="2020-07-05T11:17:23 IST">
      <class name="com.rameshsoft.automation.gmail.scripts.FaceBookTest">
        <test-method status="PASS" signature="openBrowser(java.lang.String)[pri:0, instance:com.rameshsoft.automation.gmail.scripts.FaceBookTest@78ac1102]" name="openBrowser" is-config="true" duration-ms="7377" started-at="2020-07-05T11:17:11 IST" finished-at="2020-07-05T11:17:19 IST">
          <params>
            <param index="0">
              <value>
                <![CDATA[chrome]]>
              </value>
            </param>
          </params>
          <reporter-output>
          </reporter-output>
        </test-method> <!-- openBrowser -->
        <test-method status="PASS" signature="beforeTCExecution(java.lang.reflect.Method)[pri:0, instance:com.rameshsoft.automation.gmail.scripts.FaceBookTest@78ac1102]" name="beforeTCExecution" is-config="true" duration-ms="3" started-at="2020-07-05T11:17:19 IST" finished-at="2020-07-05T11:17:19 IST">
          <params>
            <param index="0">
              <value>
                <![CDATA[public void com.rameshsoft.automation.gmail.scripts.FaceBookTest.fbTest()]]>
              </value>
            </param>
          </params>
          <reporter-output>
          </reporter-output>
        </test-method> <!-- beforeTCExecution -->
        <test-method status="PASS" signature="fbTest()[pri:0, instance:com.rameshsoft.automation.gmail.scripts.FaceBookTest@78ac1102]" name="fbTest" duration-ms="3030" started-at="2020-07-05T11:17:19 IST" finished-at="2020-07-05T11:17:22 IST">
          <reporter-output>
          </reporter-output>
        </test-method> <!-- fbTest -->
        <test-method status="PASS" signature="afterTCExecution(org.testng.ITestResult)[pri:0, instance:com.rameshsoft.automation.gmail.scripts.FaceBookTest@78ac1102]" name="afterTCExecution" is-config="true" duration-ms="3" started-at="2020-07-05T11:17:22 IST" finished-at="2020-07-05T11:17:22 IST">
          <params>
            <param index="0">
              <value>
                <![CDATA[[TestResult name=fbTest status=SUCCESS method=FaceBookTest.fbTest()[pri:0, instance:com.rameshsoft.automation.gmail.scripts.FaceBookTest@78ac1102] output={null}]]]>
              </value>
            </param>
          </params>
          <reporter-output>
          </reporter-output>
        </test-method> <!-- afterTCExecution -->
        <test-method status="PASS" signature="beforeTCExecution(java.lang.reflect.Method)[pri:0, instance:com.rameshsoft.automation.gmail.scripts.FaceBookTest@78ac1102]" name="beforeTCExecution" is-config="true" duration-ms="1" started-at="2020-07-05T11:17:22 IST" finished-at="2020-07-05T11:17:22 IST">
          <params>
            <param index="0">
              <value>
                <![CDATA[public void com.rameshsoft.automation.gmail.scripts.FaceBookTest.fbTest1()]]>
              </value>
            </param>
          </params>
          <reporter-output>
          </reporter-output>
        </test-method> <!-- beforeTCExecution -->
        <test-method status="PASS" signature="fbTest1()[pri:0, instance:com.rameshsoft.automation.gmail.scripts.FaceBookTest@78ac1102]" name="fbTest1" duration-ms="1199" started-at="2020-07-05T11:17:22 IST" finished-at="2020-07-05T11:17:23 IST">
          <reporter-output>
          </reporter-output>
        </test-method> <!-- fbTest1 -->
        <test-method status="PASS" signature="afterTCExecution(org.testng.ITestResult)[pri:0, instance:com.rameshsoft.automation.gmail.scripts.FaceBookTest@78ac1102]" name="afterTCExecution" is-config="true" duration-ms="0" started-at="2020-07-05T11:17:23 IST" finished-at="2020-07-05T11:17:23 IST">
          <params>
            <param index="0">
              <value>
                <![CDATA[[TestResult name=fbTest1 status=SUCCESS method=FaceBookTest.fbTest1()[pri:0, instance:com.rameshsoft.automation.gmail.scripts.FaceBookTest@78ac1102] output={null}]]]>
              </value>
            </param>
          </params>
          <reporter-output>
          </reporter-output>
        </test-method> <!-- afterTCExecution -->
        <test-method status="PASS" signature="closeBrowser()[pri:0, instance:com.rameshsoft.automation.gmail.scripts.FaceBookTest@78ac1102]" name="closeBrowser" is-config="true" duration-ms="9801" started-at="2020-07-05T11:17:23 IST" finished-at="2020-07-05T11:17:33 IST">
          <reporter-output>
          </reporter-output>
        </test-method> <!-- closeBrowser -->
      </class> <!-- com.rameshsoft.automation.gmail.scripts.FaceBookTest -->
    </test> <!-- Test -->
  </suite> <!-- Suite -->
</testng-results>
