<?xml version="1.0" encoding="UTF-8"?>
<testng-results skipped="0" failed="0" ignored="0" total="1" passed="1">
  <reporter-output>
  </reporter-output>
  <suite name="Suite" duration-ms="146" started-at="2020-07-13T15:51:18 IST" finished-at="2020-07-13T15:51:18 IST">
    <groups>
    </groups>
    <test name="Test" duration-ms="146" started-at="2020-07-13T15:51:18 IST" finished-at="2020-07-13T15:51:18 IST">
      <class name="com.rameshsoft.automation.gmail.scripts.SampleTest">
        <test-method status="PASS" signature="demo()[pri:0, instance:com.rameshsoft.automation.gmail.scripts.SampleTest@6950e31]" name="demo" duration-ms="8" started-at="2020-07-13T15:51:18 IST" finished-at="2020-07-13T15:51:18 IST">
          <reporter-output>
          </reporter-output>
        </test-method> <!-- demo -->
      </class> <!-- com.rameshsoft.automation.gmail.scripts.SampleTest -->
    </test> <!-- Test -->
  </suite> <!-- Suite -->
</testng-results>
